<?xml version="1.0" encoding="UTF-8"?>
<!-- Generated by org.testng.reporters.JUnitXMLReporter -->
<testsuite hostname="Yashu.local" name="Default test" tests="21" failures="0" timestamp="5 Apr 2016 11:03:50 GMT" time="3.278" errors="0">
  <testcase name="compilingCode_throwsUndeclaredVariableException_ifReadingUndefinedVariable" time="0.17" classname="main.java.compiler.test.CompilerTest"/>
  <testcase name="compilingCode_throwsUndeclaredVariableException_ifWritingUndefinedVariable" time="0.011" classname="main.java.compiler.test.CompilerTest"/>
  <testcase name="compilingCode_throwsVariableAlreadyDefinedException_whenDefiningAlreadyDefinedVariable" time="0.009" classname="main.java.compiler.test.CompilerTest"/>
  <testcase name="runningCode_outputsExpectedText" time="0.256" classname="main.java.compiler.test.CompilerTest"/>
  <testcase name="runningCode_outputsExpectedText" time="0.167" classname="main.java.compiler.test.CompilerTest"/>
  <testcase name="runningCode_outputsExpectedText" time="0.153" classname="main.java.compiler.test.CompilerTest"/>
  <testcase name="runningCode_outputsExpectedText" time="0.158" classname="main.java.compiler.test.CompilerTest"/>
  <testcase name="runningCode_outputsExpectedText" time="0.173" classname="main.java.compiler.test.CompilerTest"/>
  <testcase name="runningCode_outputsExpectedText" time="0.157" classname="main.java.compiler.test.CompilerTest"/>
  <testcase name="runningCode_outputsExpectedText" time="0.155" classname="main.java.compiler.test.CompilerTest"/>
  <testcase name="runningCode_outputsExpectedText" time="0.153" classname="main.java.compiler.test.CompilerTest"/>
  <testcase name="runningCode_outputsExpectedText" time="0.159" classname="main.java.compiler.test.CompilerTest"/>
  <testcase name="runningCode_outputsExpectedText" time="0.163" classname="main.java.compiler.test.CompilerTest"/>
  <testcase name="runningCode_outputsExpectedText" time="0.15" classname="main.java.compiler.test.CompilerTest"/>
  <testcase name="runningCode_outputsExpectedText" time="0.149" classname="main.java.compiler.test.CompilerTest"/>
  <testcase name="runningCode_outputsExpectedText" time="0.156" classname="main.java.compiler.test.CompilerTest"/>
  <testcase name="runningCode_outputsExpectedText" time="0.148" classname="main.java.compiler.test.CompilerTest"/>
  <testcase name="runningCode_outputsExpectedText" time="0.154" classname="main.java.compiler.test.CompilerTest"/>
  <testcase name="runningCode_outputsExpectedText" time="0.153" classname="main.java.compiler.test.CompilerTest"/>
  <testcase name="runningCode_outputsExpectedText" time="0.159" classname="main.java.compiler.test.CompilerTest"/>
  <testcase name="runningCode_outputsExpectedText" time="0.162" classname="main.java.compiler.test.CompilerTest"/>
</testsuite> <!-- Default test -->
