<?xml version="1.0" encoding="UTF-8"?>
<!-- Generated by org.testng.reporters.JUnitXMLReporter -->
<testsuite hostname="Yashu.local" name="Default test" tests="21" failures="0" timestamp="5 Apr 2016 17:18:34 GMT" time="3.437" errors="0">
  <testcase name="compilingCode_throwsUndeclaredVariableException_ifReadingUndefinedVariable" time="0.119" classname="main.java.compiler.test.CompilerTest"/>
  <testcase name="compilingCode_throwsUndeclaredVariableException_ifWritingUndefinedVariable" time="0.009" classname="main.java.compiler.test.CompilerTest"/>
  <testcase name="compilingCode_throwsVariableAlreadyDefinedException_whenDefiningAlreadyDefinedVariable" time="0.008" classname="main.java.compiler.test.CompilerTest"/>
  <testcase name="runningCode_outputsExpectedText" time="0.276" classname="main.java.compiler.test.CompilerTest"/>
  <testcase name="runningCode_outputsExpectedText" time="0.194" classname="main.java.compiler.test.CompilerTest"/>
  <testcase name="runningCode_outputsExpectedText" time="0.206" classname="main.java.compiler.test.CompilerTest"/>
  <testcase name="runningCode_outputsExpectedText" time="0.184" classname="main.java.compiler.test.CompilerTest"/>
  <testcase name="runningCode_outputsExpectedText" time="0.188" classname="main.java.compiler.test.CompilerTest"/>
  <testcase name="runningCode_outputsExpectedText" time="0.208" classname="main.java.compiler.test.CompilerTest"/>
  <testcase name="runningCode_outputsExpectedText" time="0.165" classname="main.java.compiler.test.CompilerTest"/>
  <testcase name="runningCode_outputsExpectedText" time="0.158" classname="main.java.compiler.test.CompilerTest"/>
  <testcase name="runningCode_outputsExpectedText" time="0.165" classname="main.java.compiler.test.CompilerTest"/>
  <testcase name="runningCode_outputsExpectedText" time="0.16" classname="main.java.compiler.test.CompilerTest"/>
  <testcase name="runningCode_outputsExpectedText" time="0.158" classname="main.java.compiler.test.CompilerTest"/>
  <testcase name="runningCode_outputsExpectedText" time="0.157" classname="main.java.compiler.test.CompilerTest"/>
  <testcase name="runningCode_outputsExpectedText" time="0.155" classname="main.java.compiler.test.CompilerTest"/>
  <testcase name="runningCode_outputsExpectedText" time="0.154" classname="main.java.compiler.test.CompilerTest"/>
  <testcase name="runningCode_outputsExpectedText" time="0.161" classname="main.java.compiler.test.CompilerTest"/>
  <testcase name="runningCode_outputsExpectedText" time="0.151" classname="main.java.compiler.test.CompilerTest"/>
  <testcase name="runningCode_outputsExpectedText" time="0.149" classname="main.java.compiler.test.CompilerTest"/>
  <testcase name="runningCode_outputsExpectedText" time="0.16" classname="main.java.compiler.test.CompilerTest"/>
</testsuite> <!-- Default test -->
