<?xml version="1.0" encoding="UTF-8"?>
<!-- Generated by org.testng.reporters.JUnitXMLReporter -->
<testsuite hostname="Yashu.local" name="Default test" tests="17" failures="0" timestamp="21 Apr 2016 05:59:37 GMT" time="1.39" errors="0">
  <testcase name="compilingCode_throwsUndeclaredVariableException_ifReadingUndefinedVariable" time="0.638" classname="main.java.compiler.test.CompilerTest"/>
  <testcase name="compilingCode_throwsUndeclaredVariableException_ifWritingUndefinedVariable" time="0.026" classname="main.java.compiler.test.CompilerTest"/>
  <testcase name="compilingCode_throwsVariableAlreadyDefinedException_whenDefiningAlreadyDefinedVariable" time="0.019" classname="main.java.compiler.test.CompilerTest"/>
  <testcase name="runningCode_outputsExpectedText" time="0.042" classname="main.java.compiler.test.CompilerTest"/>
  <testcase name="runningCode_outputsExpectedText" time="0.017" classname="main.java.compiler.test.CompilerTest"/>
  <testcase name="runningCode_outputsExpectedText" time="0.014" classname="main.java.compiler.test.CompilerTest"/>
  <testcase name="runningCode_outputsExpectedText" time="0.033" classname="main.java.compiler.test.CompilerTest"/>
  <testcase name="runningCode_outputsExpectedText" time="0.015" classname="main.java.compiler.test.CompilerTest"/>
  <testcase name="runningCode_outputsExpectedText" time="0.014" classname="main.java.compiler.test.CompilerTest"/>
  <testcase name="runningCode_outputsExpectedText" time="0.011" classname="main.java.compiler.test.CompilerTest"/>
  <testcase name="runningCode_outputsExpectedText" time="0.008" classname="main.java.compiler.test.CompilerTest"/>
  <testcase name="runningCode_outputsExpectedText" time="0.013" classname="main.java.compiler.test.CompilerTest"/>
  <testcase name="runningCode_outputsExpectedText" time="0.01" classname="main.java.compiler.test.CompilerTest"/>
  <testcase name="runningCode_outputsExpectedText" time="0.01" classname="main.java.compiler.test.CompilerTest"/>
  <testcase name="runningCode_outputsExpectedText" time="0.011" classname="main.java.compiler.test.CompilerTest"/>
  <testcase name="runningCode_outputsExpectedText" time="0.011" classname="main.java.compiler.test.CompilerTest"/>
  <testcase name="runningCode_outputsExpectedText" time="0.014" classname="main.java.compiler.test.CompilerTest"/>
</testsuite> <!-- Default test -->
